{"/Users/giorgiosaud/Projects/Personal/github-automation/src/branch-protection-rules-helpers/protect-branch.ts": {"path":"/Users/giorgiosaud/Projects/Personal/github-automation/src/branch-protection-rules-helpers/protect-branch.ts","statementMap":{"0":{"start":{"line":1,"column":0},"end":{"line":1,"column":42}},"1":{"start":{"line":42,"column":22},"end":{"line":72,"column":1}},"2":{"start":{"line":43,"column":17},"end":{"line":48,"column":null}},"3":{"start":{"line":49,"column":14},"end":{"line":49,"column":99}},"4":{"start":{"line":50,"column":35},"end":{"line":70,"column":null}},"5":{"start":{"line":71,"column":2},"end":{"line":71,"column":null}},"6":{"start":{"line":74,"column":0},"end":{"line":74,"column":null}}},"fnMap":{"0":{"name":"(anonymous_0)","decl":{"start":{"line":42,"column":22},"end":{"line":42,"column":23}},"loc":{"start":{"line":42,"column":111},"end":{"line":72,"column":1}}}},"branchMap":{},"s":{"0":2,"1":2,"2":0,"3":0,"4":0,"5":0,"6":2},"f":{"0":0},"b":{}}
,"/Users/giorgiosaud/Projects/Personal/github-automation/src/collaborators/add-user-permissions.ts": {"path":"/Users/giorgiosaud/Projects/Personal/github-automation/src/collaborators/add-user-permissions.ts","statementMap":{"0":{"start":{"line":1,"column":0},"end":{"line":1,"column":56}},"1":{"start":{"line":3,"column":0},"end":{"line":16,"column":null}},"2":{"start":{"line":4,"column":23},"end":{"line":4,"column":41}},"3":{"start":{"line":5,"column":23},"end":{"line":5,"column":65}},"4":{"start":{"line":6,"column":17},"end":{"line":12,"column":null}},"5":{"start":{"line":13,"column":14},"end":{"line":13,"column":74}},"6":{"start":{"line":14,"column":2},"end":{"line":14,"column":null}},"7":{"start":{"line":15,"column":2},"end":{"line":15,"column":null}}},"fnMap":{"0":{"name":"(anonymous_0)","decl":{"start":{"line":3,"column":15},"end":{"line":3,"column":20}},"loc":{"start":{"line":3,"column":106},"end":{"line":16,"column":1}}}},"branchMap":{},"s":{"0":2,"1":2,"2":0,"3":0,"4":0,"5":0,"6":0,"7":0},"f":{"0":0},"b":{}}
,"/Users/giorgiosaud/Projects/Personal/github-automation/src/collaborators/delete-user-permissions.ts": {"path":"/Users/giorgiosaud/Projects/Personal/github-automation/src/collaborators/delete-user-permissions.ts","statementMap":{"0":{"start":{"line":1,"column":0},"end":{"line":1,"column":56}},"1":{"start":{"line":3,"column":0},"end":{"line":15,"column":null}},"2":{"start":{"line":4,"column":23},"end":{"line":4,"column":41}},"3":{"start":{"line":5,"column":23},"end":{"line":5,"column":65}},"4":{"start":{"line":6,"column":17},"end":{"line":11,"column":null}},"5":{"start":{"line":12,"column":14},"end":{"line":12,"column":74}},"6":{"start":{"line":13,"column":2},"end":{"line":13,"column":null}},"7":{"start":{"line":14,"column":2},"end":{"line":14,"column":null}}},"fnMap":{"0":{"name":"(anonymous_0)","decl":{"start":{"line":3,"column":15},"end":{"line":3,"column":20}},"loc":{"start":{"line":3,"column":86},"end":{"line":15,"column":1}}}},"branchMap":{},"s":{"0":2,"1":2,"2":0,"3":0,"4":0,"5":0,"6":0,"7":0},"f":{"0":0},"b":{}}
,"/Users/giorgiosaud/Projects/Personal/github-automation/src/commands/branch-protection-rules/index.ts": {"path":"/Users/giorgiosaud/Projects/Personal/github-automation/src/commands/branch-protection-rules/index.ts","statementMap":{"0":{"start":{"line":1,"column":0},"end":{"line":1,"column":42}},"1":{"start":{"line":2,"column":0},"end":{"line":2,"column":59}},"2":{"start":{"line":3,"column":0},"end":{"line":3,"column":43}},"3":{"start":{"line":4,"column":0},"end":{"line":4,"column":80}},"4":{"start":{"line":50,"column":4},"end":{"line":72,"column":null}},"5":{"start":{"line":51,"column":22},"end":{"line":51,"column":61}},"6":{"start":{"line":52,"column":26},"end":{"line":54,"column":8}},"7":{"start":{"line":53,"column":8},"end":{"line":53,"column":null}},"8":{"start":{"line":55,"column":6},"end":{"line":57,"column":null}},"9":{"start":{"line":56,"column":8},"end":{"line":56,"column":null}},"10":{"start":{"line":59,"column":20},"end":{"line":59,"column":68}},"11":{"start":{"line":60,"column":40},"end":{"line":60,"column":42}},"12":{"start":{"line":61,"column":6},"end":{"line":65,"column":null}},"13":{"start":{"line":62,"column":8},"end":{"line":64,"column":null}},"14":{"start":{"line":63,"column":10},"end":{"line":63,"column":null}},"15":{"start":{"line":67,"column":6},"end":{"line":67,"column":null}},"16":{"start":{"line":69,"column":6},"end":{"line":71,"column":null}},"17":{"start":{"line":70,"column":8},"end":{"line":70,"column":null}},"18":{"start":{"line":5,"column":0},"end":{"line":5,"column":21}},"19":{"start":{"line":6,"column":9},"end":{"line":6,"column":null}},"20":{"start":{"line":8,"column":9},"end":{"line":14,"column":null}},"21":{"start":{"line":16,"column":9},"end":{"line":16,"column":null}},"22":{"start":{"line":18,"column":9},"end":{"line":18,"column":null}},"23":{"start":{"line":20,"column":9},"end":{"line":39,"column":null}},"24":{"start":{"line":41,"column":9},"end":{"line":47,"column":null}}},"fnMap":{"0":{"name":"(anonymous_0)","decl":{"start":{"line":49,"column":2},"end":{"line":49,"column":7}},"loc":{"start":{"line":49,"column":11},"end":{"line":73,"column":3}}},"1":{"name":"(anonymous_1)","decl":{"start":{"line":52,"column":51},"end":{"line":52,"column":52}},"loc":{"start":{"line":52,"column":68},"end":{"line":54,"column":7}}}},"branchMap":{"0":{"loc":{"start":{"line":55,"column":6},"end":{"line":57,"column":null}},"type":"if","locations":[{"start":{"line":55,"column":6},"end":{"line":57,"column":null}}]},"1":{"loc":{"start":{"line":69,"column":6},"end":{"line":71,"column":null}},"type":"if","locations":[{"start":{"line":69,"column":6},"end":{"line":71,"column":null}}]},"2":{"loc":{"start":{"line":69,"column":10},"end":{"line":69,"column":62}},"type":"binary-expr","locations":[{"start":{"line":69,"column":10},"end":{"line":69,"column":36}},{"start":{"line":69,"column":40},"end":{"line":69,"column":62}}]}},"s":{"0":2,"1":2,"2":2,"3":2,"4":0,"5":0,"6":0,"7":0,"8":0,"9":0,"10":0,"11":0,"12":0,"13":0,"14":0,"15":0,"16":0,"17":0,"18":2,"19":2,"20":2,"21":2,"22":2,"23":2,"24":2},"f":{"0":0,"1":0},"b":{"0":[0],"1":[0],"2":[0,0]}}
,"/Users/giorgiosaud/Projects/Personal/github-automation/src/commands/collaborators/index.ts": {"path":"/Users/giorgiosaud/Projects/Personal/github-automation/src/commands/collaborators/index.ts","statementMap":{"0":{"start":{"line":2,"column":0},"end":{"line":2,"column":42}},"1":{"start":{"line":3,"column":0},"end":{"line":3,"column":73}},"2":{"start":{"line":4,"column":0},"end":{"line":4,"column":79}},"3":{"start":{"line":5,"column":0},"end":{"line":5,"column":41}},"4":{"start":{"line":51,"column":4},"end":{"line":84,"column":null}},"5":{"start":{"line":52,"column":22},"end":{"line":52,"column":53}},"6":{"start":{"line":53,"column":26},"end":{"line":55,"column":8}},"7":{"start":{"line":54,"column":8},"end":{"line":54,"column":null}},"8":{"start":{"line":56,"column":6},"end":{"line":58,"column":null}},"9":{"start":{"line":57,"column":8},"end":{"line":57,"column":null}},"10":{"start":{"line":60,"column":21},"end":{"line":60,"column":44}},"11":{"start":{"line":61,"column":6},"end":{"line":70,"column":null}},"12":{"start":{"line":62,"column":8},"end":{"line":69,"column":null}},"13":{"start":{"line":63,"column":10},"end":{"line":63,"column":null}},"14":{"start":{"line":64,"column":10},"end":{"line":68,"column":null}},"15":{"start":{"line":65,"column":12},"end":{"line":65,"column":null}},"16":{"start":{"line":66,"column":12},"end":{"line":66,"column":null}},"17":{"start":{"line":67,"column":12},"end":{"line":67,"column":null}},"18":{"start":{"line":72,"column":6},"end":{"line":79,"column":null}},"19":{"start":{"line":73,"column":8},"end":{"line":73,"column":null}},"20":{"start":{"line":74,"column":8},"end":{"line":78,"column":null}},"21":{"start":{"line":75,"column":10},"end":{"line":75,"column":null}},"22":{"start":{"line":76,"column":10},"end":{"line":76,"column":null}},"23":{"start":{"line":77,"column":10},"end":{"line":77,"column":null}},"24":{"start":{"line":81,"column":6},"end":{"line":83,"column":null}},"25":{"start":{"line":82,"column":8},"end":{"line":82,"column":null}},"26":{"start":{"line":7,"column":0},"end":{"line":7,"column":21}},"27":{"start":{"line":8,"column":9},"end":{"line":8,"column":null}},"28":{"start":{"line":10,"column":9},"end":{"line":16,"column":null}},"29":{"start":{"line":18,"column":9},"end":{"line":21,"column":null}},"30":{"start":{"line":23,"column":9},"end":{"line":23,"column":null}},"31":{"start":{"line":24,"column":9},"end":{"line":48,"column":null}}},"fnMap":{"0":{"name":"(anonymous_0)","decl":{"start":{"line":50,"column":2},"end":{"line":50,"column":7}},"loc":{"start":{"line":50,"column":11},"end":{"line":85,"column":3}}},"1":{"name":"(anonymous_1)","decl":{"start":{"line":53,"column":51},"end":{"line":53,"column":52}},"loc":{"start":{"line":53,"column":68},"end":{"line":55,"column":7}}},"2":{"name":"(anonymous_2)","decl":{"start":{"line":62,"column":47},"end":{"line":62,"column":52}},"loc":{"start":{"line":62,"column":71},"end":{"line":69,"column":9}}},"3":{"name":"(anonymous_3)","decl":{"start":{"line":64,"column":45},"end":{"line":64,"column":50}},"loc":{"start":{"line":64,"column":70},"end":{"line":68,"column":11}}},"4":{"name":"(anonymous_4)","decl":{"start":{"line":72,"column":45},"end":{"line":72,"column":50}},"loc":{"start":{"line":72,"column":69},"end":{"line":79,"column":7}}},"5":{"name":"(anonymous_5)","decl":{"start":{"line":74,"column":43},"end":{"line":74,"column":48}},"loc":{"start":{"line":74,"column":68},"end":{"line":78,"column":9}}}},"branchMap":{"0":{"loc":{"start":{"line":56,"column":6},"end":{"line":58,"column":null}},"type":"if","locations":[{"start":{"line":56,"column":6},"end":{"line":58,"column":null}}]},"1":{"loc":{"start":{"line":61,"column":6},"end":{"line":70,"column":null}},"type":"if","locations":[{"start":{"line":61,"column":6},"end":{"line":70,"column":null}}]},"2":{"loc":{"start":{"line":81,"column":6},"end":{"line":83,"column":null}},"type":"if","locations":[{"start":{"line":81,"column":6},"end":{"line":83,"column":null}}]},"3":{"loc":{"start":{"line":81,"column":10},"end":{"line":81,"column":62}},"type":"binary-expr","locations":[{"start":{"line":81,"column":10},"end":{"line":81,"column":36}},{"start":{"line":81,"column":40},"end":{"line":81,"column":62}}]}},"s":{"0":2,"1":2,"2":2,"3":2,"4":0,"5":0,"6":0,"7":0,"8":0,"9":0,"10":0,"11":0,"12":0,"13":0,"14":0,"15":0,"16":0,"17":0,"18":0,"19":0,"20":0,"21":0,"22":0,"23":0,"24":0,"25":0,"26":2,"27":2,"28":2,"29":2,"30":2,"31":2},"f":{"0":0,"1":0,"2":0,"3":0,"4":0,"5":0},"b":{"0":[0],"1":[0],"2":[0],"3":[0,0]}}
,"/Users/giorgiosaud/Projects/Personal/github-automation/src/commands/delete-secret/index.ts": {"path":"/Users/giorgiosaud/Projects/Personal/github-automation/src/commands/delete-secret/index.ts","statementMap":{"0":{"start":{"line":2,"column":0},"end":{"line":2,"column":42}},"1":{"start":{"line":3,"column":0},"end":{"line":3,"column":43}},"2":{"start":{"line":4,"column":0},"end":{"line":4,"column":55}},"3":{"start":{"line":5,"column":0},"end":{"line":5,"column":59}},"4":{"start":{"line":6,"column":0},"end":{"line":6,"column":41}},"5":{"start":{"line":7,"column":0},"end":{"line":7,"column":61}},"6":{"start":{"line":47,"column":4},"end":{"line":73,"column":null}},"7":{"start":{"line":48,"column":22},"end":{"line":48,"column":52}},"8":{"start":{"line":50,"column":6},"end":{"line":50,"column":null}},"9":{"start":{"line":53,"column":27},"end":{"line":53,"column":45}},"10":{"start":{"line":54,"column":20},"end":{"line":54,"column":62}},"11":{"start":{"line":55,"column":30},"end":{"line":55,"column":32}},"12":{"start":{"line":57,"column":6},"end":{"line":61,"column":null}},"13":{"start":{"line":58,"column":8},"end":{"line":60,"column":null}},"14":{"start":{"line":59,"column":10},"end":{"line":59,"column":null}},"15":{"start":{"line":63,"column":6},"end":{"line":63,"column":null}},"16":{"start":{"line":64,"column":6},"end":{"line":68,"column":null}},"17":{"start":{"line":65,"column":8},"end":{"line":67,"column":null}},"18":{"start":{"line":66,"column":10},"end":{"line":66,"column":null}},"19":{"start":{"line":70,"column":6},"end":{"line":72,"column":null}},"20":{"start":{"line":71,"column":8},"end":{"line":71,"column":null}},"21":{"start":{"line":9,"column":0},"end":{"line":9,"column":21}},"22":{"start":{"line":10,"column":9},"end":{"line":10,"column":null}},"23":{"start":{"line":12,"column":9},"end":{"line":17,"column":null}},"24":{"start":{"line":19,"column":9},"end":{"line":19,"column":null}},"25":{"start":{"line":21,"column":9},"end":{"line":21,"column":null}},"26":{"start":{"line":23,"column":9},"end":{"line":41,"column":null}},"27":{"start":{"line":43,"column":9},"end":{"line":44,"column":null}}},"fnMap":{"0":{"name":"(anonymous_0)","decl":{"start":{"line":46,"column":2},"end":{"line":46,"column":7}},"loc":{"start":{"line":46,"column":11},"end":{"line":74,"column":3}}}},"branchMap":{"0":{"loc":{"start":{"line":70,"column":6},"end":{"line":72,"column":null}},"type":"if","locations":[{"start":{"line":70,"column":6},"end":{"line":72,"column":null}}]},"1":{"loc":{"start":{"line":70,"column":10},"end":{"line":70,"column":62}},"type":"binary-expr","locations":[{"start":{"line":70,"column":10},"end":{"line":70,"column":36}},{"start":{"line":70,"column":40},"end":{"line":70,"column":62}}]}},"s":{"0":2,"1":2,"2":2,"3":2,"4":2,"5":2,"6":5,"7":5,"8":2,"9":1,"10":1,"11":0,"12":0,"13":0,"14":0,"15":0,"16":0,"17":0,"18":0,"19":4,"20":4,"21":2,"22":2,"23":2,"24":2,"25":2,"26":2,"27":2},"f":{"0":5},"b":{"0":[4],"1":[4,4]}}
,"/Users/giorgiosaud/Projects/Personal/github-automation/src/commands/list-org-repositories/index.ts": {"path":"/Users/giorgiosaud/Projects/Personal/github-automation/src/commands/list-org-repositories/index.ts","statementMap":{"0":{"start":{"line":1,"column":0},"end":{"line":1,"column":49}},"1":{"start":{"line":2,"column":0},"end":{"line":2,"column":41}},"2":{"start":{"line":3,"column":0},"end":{"line":3,"column":65}},"3":{"start":{"line":31,"column":4},"end":{"line":44,"column":null}},"4":{"start":{"line":32,"column":28},"end":{"line":32,"column":65}},"5":{"start":{"line":33,"column":21},"end":{"line":33,"column":44}},"6":{"start":{"line":34,"column":27},"end":{"line":34,"column":83}},"7":{"start":{"line":36,"column":6},"end":{"line":38,"column":null}},"8":{"start":{"line":39,"column":6},"end":{"line":39,"column":null}},"9":{"start":{"line":41,"column":6},"end":{"line":43,"column":null}},"10":{"start":{"line":42,"column":8},"end":{"line":42,"column":null}},"11":{"start":{"line":5,"column":0},"end":{"line":5,"column":21}},"12":{"start":{"line":6,"column":9},"end":{"line":6,"column":null}},"13":{"start":{"line":8,"column":9},"end":{"line":12,"column":null}},"14":{"start":{"line":14,"column":9},"end":{"line":14,"column":null}},"15":{"start":{"line":16,"column":9},"end":{"line":16,"column":null}},"16":{"start":{"line":18,"column":9},"end":{"line":24,"column":null}},"17":{"start":{"line":26,"column":9},"end":{"line":28,"column":null}}},"fnMap":{"0":{"name":"(anonymous_0)","decl":{"start":{"line":30,"column":2},"end":{"line":30,"column":7}},"loc":{"start":{"line":30,"column":11},"end":{"line":45,"column":3}}}},"branchMap":{"0":{"loc":{"start":{"line":41,"column":6},"end":{"line":43,"column":null}},"type":"if","locations":[{"start":{"line":41,"column":6},"end":{"line":43,"column":null}}]},"1":{"loc":{"start":{"line":41,"column":10},"end":{"line":41,"column":62}},"type":"binary-expr","locations":[{"start":{"line":41,"column":10},"end":{"line":41,"column":36}},{"start":{"line":41,"column":40},"end":{"line":41,"column":62}}]}},"s":{"0":2,"1":2,"2":2,"3":0,"4":0,"5":0,"6":0,"7":0,"8":0,"9":0,"10":0,"11":2,"12":2,"13":2,"14":2,"15":2,"16":2,"17":2},"f":{"0":0},"b":{"0":[0],"1":[0,0]}}
,"/Users/giorgiosaud/Projects/Personal/github-automation/src/commands/repos-with-secret/index.ts": {"path":"/Users/giorgiosaud/Projects/Personal/github-automation/src/commands/repos-with-secret/index.ts","statementMap":{"0":{"start":{"line":1,"column":0},"end":{"line":1,"column":35}},"1":{"start":{"line":2,"column":0},"end":{"line":2,"column":41}},"2":{"start":{"line":3,"column":0},"end":{"line":3,"column":65}},"3":{"start":{"line":25,"column":4},"end":{"line":34,"column":null}},"4":{"start":{"line":26,"column":21},"end":{"line":26,"column":54}},"5":{"start":{"line":27,"column":21},"end":{"line":27,"column":44}},"6":{"start":{"line":28,"column":6},"end":{"line":28,"column":null}},"7":{"start":{"line":29,"column":6},"end":{"line":29,"column":null}},"8":{"start":{"line":31,"column":6},"end":{"line":33,"column":null}},"9":{"start":{"line":32,"column":8},"end":{"line":32,"column":null}},"10":{"start":{"line":5,"column":0},"end":{"line":5,"column":21}},"11":{"start":{"line":6,"column":9},"end":{"line":6,"column":null}},"12":{"start":{"line":8,"column":9},"end":{"line":12,"column":null}},"13":{"start":{"line":14,"column":9},"end":{"line":14,"column":null}},"14":{"start":{"line":16,"column":9},"end":{"line":16,"column":null}},"15":{"start":{"line":18,"column":9},"end":{"line":18,"column":null}},"16":{"start":{"line":20,"column":9},"end":{"line":22,"column":null}}},"fnMap":{"0":{"name":"(anonymous_0)","decl":{"start":{"line":24,"column":2},"end":{"line":24,"column":7}},"loc":{"start":{"line":24,"column":11},"end":{"line":35,"column":3}}}},"branchMap":{"0":{"loc":{"start":{"line":31,"column":6},"end":{"line":33,"column":null}},"type":"if","locations":[{"start":{"line":31,"column":6},"end":{"line":33,"column":null}}]},"1":{"loc":{"start":{"line":31,"column":10},"end":{"line":31,"column":62}},"type":"binary-expr","locations":[{"start":{"line":31,"column":10},"end":{"line":31,"column":36}},{"start":{"line":31,"column":40},"end":{"line":31,"column":62}}]}},"s":{"0":2,"1":2,"2":2,"3":0,"4":0,"5":0,"6":0,"7":0,"8":0,"9":0,"10":2,"11":2,"12":2,"13":2,"14":2,"15":2,"16":2},"f":{"0":0},"b":{"0":[0],"1":[0,0]}}
,"/Users/giorgiosaud/Projects/Personal/github-automation/src/commands/set-secret/index.ts": {"path":"/Users/giorgiosaud/Projects/Personal/github-automation/src/commands/set-secret/index.ts","statementMap":{"0":{"start":{"line":1,"column":0},"end":{"line":1,"column":42}},"1":{"start":{"line":2,"column":0},"end":{"line":2,"column":59}},"2":{"start":{"line":3,"column":0},"end":{"line":3,"column":41}},"3":{"start":{"line":4,"column":0},"end":{"line":4,"column":65}},"4":{"start":{"line":5,"column":0},"end":{"line":5,"column":68}},"5":{"start":{"line":6,"column":0},"end":{"line":6,"column":43}},"6":{"start":{"line":7,"column":0},"end":{"line":7,"column":81}},"7":{"start":{"line":56,"column":4},"end":{"line":83,"column":null}},"8":{"start":{"line":57,"column":22},"end":{"line":57,"column":49}},"9":{"start":{"line":58,"column":6},"end":{"line":58,"column":null}},"10":{"start":{"line":60,"column":6},"end":{"line":60,"column":null}},"11":{"start":{"line":62,"column":20},"end":{"line":62,"column":68}},"12":{"start":{"line":63,"column":31},"end":{"line":63,"column":33}},"13":{"start":{"line":64,"column":6},"end":{"line":68,"column":null}},"14":{"start":{"line":65,"column":8},"end":{"line":67,"column":null}},"15":{"start":{"line":66,"column":10},"end":{"line":66,"column":null}},"16":{"start":{"line":70,"column":32},"end":{"line":70,"column":67}},"17":{"start":{"line":71,"column":36},"end":{"line":71,"column":110}},"18":{"start":{"line":71,"column":75},"end":{"line":71,"column":109}},"19":{"start":{"line":72,"column":6},"end":{"line":72,"column":null}},"20":{"start":{"line":73,"column":6},"end":{"line":77,"column":null}},"21":{"start":{"line":74,"column":8},"end":{"line":76,"column":null}},"22":{"start":{"line":75,"column":10},"end":{"line":75,"column":null}},"23":{"start":{"line":79,"column":6},"end":{"line":79,"column":null}},"24":{"start":{"line":80,"column":6},"end":{"line":82,"column":null}},"25":{"start":{"line":81,"column":8},"end":{"line":81,"column":null}},"26":{"start":{"line":8,"column":0},"end":{"line":8,"column":21}},"27":{"start":{"line":9,"column":9},"end":{"line":9,"column":null}},"28":{"start":{"line":11,"column":9},"end":{"line":17,"column":null}},"29":{"start":{"line":19,"column":9},"end":{"line":19,"column":null}},"30":{"start":{"line":21,"column":9},"end":{"line":21,"column":null}},"31":{"start":{"line":23,"column":9},"end":{"line":50,"column":null}},"32":{"start":{"line":52,"column":9},"end":{"line":53,"column":null}}},"fnMap":{"0":{"name":"(anonymous_0)","decl":{"start":{"line":55,"column":2},"end":{"line":55,"column":7}},"loc":{"start":{"line":55,"column":11},"end":{"line":84,"column":3}}},"1":{"name":"(anonymous_1)","decl":{"start":{"line":71,"column":58},"end":{"line":71,"column":71}},"loc":{"start":{"line":71,"column":75},"end":{"line":71,"column":109}}}},"branchMap":{"0":{"loc":{"start":{"line":80,"column":6},"end":{"line":82,"column":null}},"type":"if","locations":[{"start":{"line":80,"column":6},"end":{"line":82,"column":null}}]},"1":{"loc":{"start":{"line":80,"column":10},"end":{"line":80,"column":62}},"type":"binary-expr","locations":[{"start":{"line":80,"column":10},"end":{"line":80,"column":36}},{"start":{"line":80,"column":40},"end":{"line":80,"column":62}}]}},"s":{"0":2,"1":2,"2":2,"3":2,"4":2,"5":2,"6":2,"7":5,"8":5,"9":2,"10":1,"11":1,"12":0,"13":0,"14":0,"15":0,"16":0,"17":0,"18":0,"19":0,"20":0,"21":0,"22":0,"23":4,"24":4,"25":4,"26":2,"27":2,"28":2,"29":2,"30":2,"31":2,"32":2},"f":{"0":5,"1":0},"b":{"0":[4],"1":[4,4]}}
,"/Users/giorgiosaud/Projects/Personal/github-automation/src/helpers/config.ts": {"path":"/Users/giorgiosaud/Projects/Personal/github-automation/src/helpers/config.ts","statementMap":{"0":{"start":{"line":1,"column":13},"end":{"line":1,"column":null}},"1":{"start":{"line":2,"column":0},"end":{"line":4,"column":null}}},"fnMap":{},"branchMap":{},"s":{"0":2,"1":2},"f":{},"b":{}}
,"/Users/giorgiosaud/Projects/Personal/github-automation/src/helpers/file-system.ts": {"path":"/Users/giorgiosaud/Projects/Personal/github-automation/src/helpers/file-system.ts","statementMap":{"0":{"start":{"line":1,"column":0},"end":{"line":1,"column":32}},"1":{"start":{"line":2,"column":0},"end":{"line":2,"column":36}},"2":{"start":{"line":6,"column":32},"end":{"line":13,"column":1}},"3":{"start":{"line":7,"column":16},"end":{"line":7,"column":18}},"4":{"start":{"line":8,"column":2},"end":{"line":10,"column":null}},"5":{"start":{"line":9,"column":4},"end":{"line":9,"column":null}},"6":{"start":{"line":12,"column":2},"end":{"line":12,"column":null}},"7":{"start":{"line":6,"column":14},"end":{"line":6,"column":32}},"8":{"start":{"line":15,"column":23},"end":{"line":25,"column":1}},"9":{"start":{"line":16,"column":2},"end":{"line":24,"column":null}},"10":{"start":{"line":17,"column":25},"end":{"line":17,"column":27}},"11":{"start":{"line":18,"column":17},"end":{"line":18,"column":35}},"12":{"start":{"line":19,"column":16},"end":{"line":19,"column":47}},"13":{"start":{"line":20,"column":4},"end":{"line":20,"column":null}},"14":{"start":{"line":21,"column":4},"end":{"line":21,"column":null}},"15":{"start":{"line":23,"column":4},"end":{"line":23,"column":null}},"16":{"start":{"line":15,"column":13},"end":{"line":15,"column":23}}},"fnMap":{"0":{"name":"(anonymous_0)","decl":{"start":{"line":6,"column":32},"end":{"line":6,"column":33}},"loc":{"start":{"line":6,"column":61},"end":{"line":13,"column":1}}},"1":{"name":"(anonymous_1)","decl":{"start":{"line":15,"column":23},"end":{"line":15,"column":24}},"loc":{"start":{"line":15,"column":44},"end":{"line":25,"column":1}}}},"branchMap":{},"s":{"0":3,"1":3,"2":3,"3":0,"4":0,"5":0,"6":0,"7":3,"8":3,"9":2,"10":2,"11":2,"12":2,"13":2,"14":2,"15":0,"16":3},"f":{"0":0,"1":2},"b":{}}
,"/Users/giorgiosaud/Projects/Personal/github-automation/src/helpers/get-github-token.ts": {"path":"/Users/giorgiosaud/Projects/Personal/github-automation/src/helpers/get-github-token.ts","statementMap":{"0":{"start":{"line":1,"column":0},"end":{"line":1,"column":34}},"1":{"start":{"line":2,"column":0},"end":{"line":2,"column":31}},"2":{"start":{"line":3,"column":0},"end":{"line":3,"column":54}},"3":{"start":{"line":4,"column":0},"end":{"line":4,"column":25}},"4":{"start":{"line":5,"column":0},"end":{"line":5,"column":33}},"5":{"start":{"line":6,"column":0},"end":{"line":6,"column":49}},"6":{"start":{"line":7,"column":0},"end":{"line":29,"column":null}},"7":{"start":{"line":8,"column":23},"end":{"line":8,"column":86}},"8":{"start":{"line":9,"column":21},"end":{"line":9,"column":52}},"9":{"start":{"line":10,"column":30},"end":{"line":10,"column":58}},"10":{"start":{"line":11,"column":2},"end":{"line":13,"column":null}},"11":{"start":{"line":12,"column":4},"end":{"line":12,"column":null}},"12":{"start":{"line":15,"column":19},"end":{"line":15,"column":44}},"13":{"start":{"line":16,"column":2},"end":{"line":26,"column":null}},"14":{"start":{"line":17,"column":18},"end":{"line":17,"column":75}},"15":{"start":{"line":18,"column":4},"end":{"line":22,"column":null}},"16":{"start":{"line":23,"column":19},"end":{"line":23,"column":57}},"17":{"start":{"line":24,"column":4},"end":{"line":24,"column":null}},"18":{"start":{"line":25,"column":4},"end":{"line":25,"column":null}},"19":{"start":{"line":28,"column":2},"end":{"line":28,"column":null}}},"fnMap":{"0":{"name":"(anonymous_0)","decl":{"start":{"line":7,"column":15},"end":{"line":7,"column":20}},"loc":{"start":{"line":7,"column":80},"end":{"line":29,"column":1}}}},"branchMap":{"0":{"loc":{"start":{"line":11,"column":2},"end":{"line":13,"column":null}},"type":"if","locations":[{"start":{"line":11,"column":2},"end":{"line":13,"column":null}}]},"1":{"loc":{"start":{"line":16,"column":2},"end":{"line":26,"column":null}},"type":"if","locations":[{"start":{"line":16,"column":2},"end":{"line":26,"column":null}}]}},"s":{"0":3,"1":3,"2":3,"3":3,"4":3,"5":3,"6":3,"7":5,"8":5,"9":5,"10":5,"11":2,"12":5,"13":5,"14":4,"15":2,"16":0,"17":0,"18":0,"19":1},"f":{"0":5},"b":{"0":[2],"1":[4]}}
,"/Users/giorgiosaud/Projects/Personal/github-automation/src/helpers/validations.ts": {"path":"/Users/giorgiosaud/Projects/Personal/github-automation/src/helpers/validations.ts","statementMap":{"0":{"start":{"line":1,"column":33},"end":{"line":8,"column":1}},"1":{"start":{"line":2,"column":22},"end":{"line":4,"column":4}},"2":{"start":{"line":3,"column":4},"end":{"line":3,"column":null}},"3":{"start":{"line":5,"column":2},"end":{"line":7,"column":null}},"4":{"start":{"line":6,"column":4},"end":{"line":6,"column":null}},"5":{"start":{"line":1,"column":13},"end":{"line":1,"column":33}},"6":{"start":{"line":10,"column":36},"end":{"line":14,"column":1}},"7":{"start":{"line":11,"column":2},"end":{"line":13,"column":null}},"8":{"start":{"line":12,"column":4},"end":{"line":12,"column":null}},"9":{"start":{"line":10,"column":13},"end":{"line":10,"column":36}}},"fnMap":{"0":{"name":"(anonymous_0)","decl":{"start":{"line":1,"column":33},"end":{"line":1,"column":34}},"loc":{"start":{"line":1,"column":72},"end":{"line":8,"column":1}}},"1":{"name":"(anonymous_1)","decl":{"start":{"line":2,"column":41},"end":{"line":2,"column":42}},"loc":{"start":{"line":2,"column":58},"end":{"line":4,"column":3}}},"2":{"name":"(anonymous_2)","decl":{"start":{"line":10,"column":36},"end":{"line":10,"column":37}},"loc":{"start":{"line":10,"column":85},"end":{"line":14,"column":1}}}},"branchMap":{"0":{"loc":{"start":{"line":5,"column":2},"end":{"line":7,"column":null}},"type":"if","locations":[{"start":{"line":5,"column":2},"end":{"line":7,"column":null}}]},"1":{"loc":{"start":{"line":11,"column":2},"end":{"line":13,"column":null}},"type":"if","locations":[{"start":{"line":11,"column":2},"end":{"line":13,"column":null}}]}},"s":{"0":2,"1":3,"2":3,"3":3,"4":1,"5":2,"6":2,"7":2,"8":1,"9":2},"f":{"0":3,"1":3,"2":2},"b":{"0":[1],"1":[1]}}
,"/Users/giorgiosaud/Projects/Personal/github-automation/src/helpers/delete-secrets/index.ts": {"path":"/Users/giorgiosaud/Projects/Personal/github-automation/src/helpers/delete-secrets/index.ts","statementMap":{"0":{"start":{"line":1,"column":0},"end":{"line":1,"column":25}},"1":{"start":{"line":8,"column":0},"end":{"line":21,"column":null}},"2":{"start":{"line":9,"column":17},"end":{"line":13,"column":null}},"3":{"start":{"line":14,"column":14},"end":{"line":14,"column":92}},"4":{"start":{"line":15,"column":2},"end":{"line":20,"column":null}},"5":{"start":{"line":16,"column":4},"end":{"line":16,"column":null}},"6":{"start":{"line":17,"column":4},"end":{"line":17,"column":null}},"7":{"start":{"line":19,"column":4},"end":{"line":19,"column":null}}},"fnMap":{"0":{"name":"(anonymous_0)","decl":{"start":{"line":8,"column":15},"end":{"line":8,"column":20}},"loc":{"start":{"line":8,"column":96},"end":{"line":21,"column":1}}}},"branchMap":{},"s":{"0":3,"1":3,"2":3,"3":3,"4":3,"5":3,"6":0,"7":3},"f":{"0":3},"b":{}}
,"/Users/giorgiosaud/Projects/Personal/github-automation/src/list-org-repositories.ts/list-repos.ts": {"path":"/Users/giorgiosaud/Projects/Personal/github-automation/src/list-org-repositories.ts/list-repos.ts","statementMap":{"0":{"start":{"line":1,"column":0},"end":{"line":1,"column":56}},"1":{"start":{"line":3,"column":17},"end":{"line":23,"column":1}},"2":{"start":{"line":4,"column":26},"end":{"line":4,"column":44}},"3":{"start":{"line":5,"column":17},"end":{"line":10,"column":null}},"4":{"start":{"line":11,"column":14},"end":{"line":11,"column":90}},"5":{"start":{"line":12,"column":19},"end":{"line":12,"column":43}},"6":{"start":{"line":14,"column":38},"end":{"line":14,"column":59}},"7":{"start":{"line":15,"column":2},"end":{"line":20,"column":null}},"8":{"start":{"line":16,"column":4},"end":{"line":18,"column":null}},"9":{"start":{"line":17,"column":6},"end":{"line":17,"column":null}},"10":{"start":{"line":19,"column":4},"end":{"line":19,"column":null}},"11":{"start":{"line":22,"column":2},"end":{"line":22,"column":null}},"12":{"start":{"line":25,"column":0},"end":{"line":35,"column":null}},"13":{"start":{"line":26,"column":23},"end":{"line":26,"column":65}},"14":{"start":{"line":28,"column":31},"end":{"line":28,"column":73}},"15":{"start":{"line":29,"column":2},"end":{"line":32,"column":null}},"16":{"start":{"line":30,"column":18},"end":{"line":30,"column":41}},"17":{"start":{"line":31,"column":4},"end":{"line":31,"column":null}},"18":{"start":{"line":31,"column":47},"end":{"line":31,"column":64}},"19":{"start":{"line":34,"column":2},"end":{"line":34,"column":null}}},"fnMap":{"0":{"name":"(anonymous_0)","decl":{"start":{"line":3,"column":17},"end":{"line":3,"column":22}},"loc":{"start":{"line":3,"column":128},"end":{"line":23,"column":1}}},"1":{"name":"(anonymous_1)","decl":{"start":{"line":16,"column":13},"end":{"line":16,"column":17}},"loc":{"start":{"line":16,"column":20},"end":{"line":18,"column":5}}},"2":{"name":"(anonymous_2)","decl":{"start":{"line":25,"column":15},"end":{"line":25,"column":20}},"loc":{"start":{"line":25,"column":93},"end":{"line":35,"column":1}}},"3":{"name":"(anonymous_3)","decl":{"start":{"line":31,"column":39},"end":{"line":31,"column":43}},"loc":{"start":{"line":31,"column":47},"end":{"line":31,"column":64}}}},"branchMap":{"0":{"loc":{"start":{"line":3,"column":61},"end":{"line":3,"column":69}},"type":"default-arg","locations":[{"start":{"line":3,"column":68},"end":{"line":3,"column":69}}]},"1":{"loc":{"start":{"line":3,"column":71},"end":{"line":3,"column":105}},"type":"default-arg","locations":[{"start":{"line":3,"column":103},"end":{"line":3,"column":105}}]},"2":{"loc":{"start":{"line":15,"column":2},"end":{"line":20,"column":null}},"type":"if","locations":[{"start":{"line":15,"column":2},"end":{"line":20,"column":null}}]},"3":{"loc":{"start":{"line":25,"column":60},"end":{"line":25,"column":71}},"type":"default-arg","locations":[{"start":{"line":25,"column":69},"end":{"line":25,"column":71}}]},"4":{"loc":{"start":{"line":29,"column":2},"end":{"line":32,"column":null}},"type":"if","locations":[{"start":{"line":29,"column":2},"end":{"line":32,"column":null}}]}},"s":{"0":2,"1":2,"2":0,"3":0,"4":0,"5":0,"6":0,"7":0,"8":0,"9":0,"10":0,"11":0,"12":2,"13":0,"14":0,"15":0,"16":0,"17":0,"18":0,"19":0},"f":{"0":0,"1":0,"2":0,"3":0},"b":{"0":[0],"1":[0],"2":[0],"3":[0],"4":[0]}}
,"/Users/giorgiosaud/Projects/Personal/github-automation/src/set-secret-helpers/encrypt-secret.ts": {"path":"/Users/giorgiosaud/Projects/Personal/github-automation/src/set-secret-helpers/encrypt-secret.ts","statementMap":{"0":{"start":{"line":1,"column":0},"end":{"line":1,"column":42}},"1":{"start":{"line":2,"column":0},"end":{"line":2,"column":42}},"2":{"start":{"line":10,"column":23},"end":{"line":26,"column":1}},"3":{"start":{"line":11,"column":17},"end":{"line":15,"column":null}},"4":{"start":{"line":16,"column":14},"end":{"line":16,"column":86}},"5":{"start":{"line":18,"column":33},"end":{"line":18,"column":61}},"6":{"start":{"line":19,"column":31},"end":{"line":19,"column":44}},"7":{"start":{"line":20,"column":23},"end":{"line":20,"column":41}},"8":{"start":{"line":21,"column":19},"end":{"line":21,"column":45}},"9":{"start":{"line":22,"column":2},"end":{"line":22,"column":null}},"10":{"start":{"line":23,"column":25},"end":{"line":23,"column":74}},"11":{"start":{"line":24,"column":25},"end":{"line":24,"column":71}},"12":{"start":{"line":25,"column":2},"end":{"line":25,"column":null}},"13":{"start":{"line":28,"column":0},"end":{"line":28,"column":null}}},"fnMap":{"0":{"name":"(anonymous_0)","decl":{"start":{"line":10,"column":23},"end":{"line":10,"column":28}},"loc":{"start":{"line":10,"column":187},"end":{"line":26,"column":1}}}},"branchMap":{},"s":{"0":2,"1":2,"2":2,"3":2,"4":2,"5":2,"6":0,"7":0,"8":0,"9":0,"10":0,"11":0,"12":0,"13":2},"f":{"0":2},"b":{}}
,"/Users/giorgiosaud/Projects/Personal/github-automation/src/set-secret-helpers/update-secret.ts": {"path":"/Users/giorgiosaud/Projects/Personal/github-automation/src/set-secret-helpers/update-secret.ts","statementMap":{"0":{"start":{"line":1,"column":0},"end":{"line":1,"column":25}},"1":{"start":{"line":9,"column":0},"end":{"line":18,"column":null}},"2":{"start":{"line":10,"column":17},"end":{"line":14,"column":null}},"3":{"start":{"line":15,"column":14},"end":{"line":15,"column":83}},"4":{"start":{"line":17,"column":2},"end":{"line":17,"column":null}}},"fnMap":{"0":{"name":"(anonymous_0)","decl":{"start":{"line":9,"column":15},"end":{"line":9,"column":20}},"loc":{"start":{"line":9,"column":114},"end":{"line":18,"column":1}}}},"branchMap":{},"s":{"0":2,"1":2,"2":2,"3":2,"4":2},"f":{"0":2},"b":{}}
}
