TN:
SF:src/branch-protection-rules-helpers/protect-branch.ts
FN:42,(anonymous_0)
FNF:1
FNH:0
FNDA:0,(anonymous_0)
DA:1,2
DA:42,2
DA:43,0
DA:49,0
DA:50,0
DA:71,0
DA:74,2
LF:7
LH:3
BRF:0
BRH:0
end_of_record
TN:
SF:src/collaborators/add-user-permissions.ts
FN:3,(anonymous_0)
FNF:1
FNH:0
FNDA:0,(anonymous_0)
DA:1,2
DA:3,2
DA:4,0
DA:5,0
DA:6,0
DA:13,0
DA:14,0
DA:15,0
LF:8
LH:2
BRF:0
BRH:0
end_of_record
TN:
SF:src/collaborators/delete-user-permissions.ts
FN:3,(anonymous_0)
FNF:1
FNH:0
FNDA:0,(anonymous_0)
DA:1,2
DA:3,2
DA:4,0
DA:5,0
DA:6,0
DA:12,0
DA:13,0
DA:14,0
LF:8
LH:2
BRF:0
BRH:0
end_of_record
TN:
SF:src/commands/branch-protection-rules/index.ts
FN:49,(anonymous_0)
FN:52,(anonymous_1)
FNF:2
FNH:0
FNDA:0,(anonymous_0)
FNDA:0,(anonymous_1)
DA:1,2
DA:2,2
DA:3,2
DA:4,2
DA:5,2
DA:6,2
DA:8,2
DA:16,2
DA:18,2
DA:20,2
DA:41,2
DA:50,0
DA:51,0
DA:52,0
DA:53,0
DA:55,0
DA:56,0
DA:59,0
DA:60,0
DA:61,0
DA:62,0
DA:63,0
DA:67,0
DA:69,0
DA:70,0
LF:25
LH:11
BRDA:55,0,0,0
BRDA:69,1,0,0
BRDA:69,2,0,0
BRDA:69,2,1,0
BRF:4
BRH:0
end_of_record
TN:
SF:src/commands/collaborators/index.ts
FN:50,(anonymous_0)
FN:53,(anonymous_1)
FN:62,(anonymous_2)
FN:64,(anonymous_3)
FN:72,(anonymous_4)
FN:74,(anonymous_5)
FNF:6
FNH:0
FNDA:0,(anonymous_0)
FNDA:0,(anonymous_1)
FNDA:0,(anonymous_2)
FNDA:0,(anonymous_3)
FNDA:0,(anonymous_4)
FNDA:0,(anonymous_5)
DA:2,2
DA:3,2
DA:4,2
DA:5,2
DA:7,2
DA:8,2
DA:10,2
DA:18,2
DA:23,2
DA:24,2
DA:51,0
DA:52,0
DA:53,0
DA:54,0
DA:56,0
DA:57,0
DA:60,0
DA:61,0
DA:62,0
DA:63,0
DA:64,0
DA:65,0
DA:66,0
DA:67,0
DA:72,0
DA:73,0
DA:74,0
DA:75,0
DA:76,0
DA:77,0
DA:81,0
DA:82,0
LF:32
LH:10
BRDA:56,0,0,0
BRDA:61,1,0,0
BRDA:81,2,0,0
BRDA:81,3,0,0
BRDA:81,3,1,0
BRF:5
BRH:0
end_of_record
TN:
SF:src/commands/delete-secret/index.ts
FN:46,(anonymous_0)
FNF:1
FNH:1
FNDA:5,(anonymous_0)
DA:2,2
DA:3,2
DA:4,2
DA:5,2
DA:6,2
DA:7,2
DA:9,2
DA:10,2
DA:12,2
DA:19,2
DA:21,2
DA:23,2
DA:43,2
DA:47,5
DA:48,5
DA:50,2
DA:53,1
DA:54,1
DA:55,0
DA:57,0
DA:58,0
DA:59,0
DA:63,0
DA:64,0
DA:65,0
DA:66,0
DA:70,4
DA:71,4
LF:28
LH:20
BRDA:70,0,0,4
BRDA:70,1,0,4
BRDA:70,1,1,4
BRF:3
BRH:3
end_of_record
TN:
SF:src/commands/list-org-repositories/index.ts
FN:30,(anonymous_0)
FNF:1
FNH:0
FNDA:0,(anonymous_0)
DA:1,2
DA:2,2
DA:3,2
DA:5,2
DA:6,2
DA:8,2
DA:14,2
DA:16,2
DA:18,2
DA:26,2
DA:31,0
DA:32,0
DA:33,0
DA:34,0
DA:36,0
DA:39,0
DA:41,0
DA:42,0
LF:18
LH:10
BRDA:41,0,0,0
BRDA:41,1,0,0
BRDA:41,1,1,0
BRF:3
BRH:0
end_of_record
TN:
SF:src/commands/repos-with-secret/index.ts
FN:24,(anonymous_0)
FNF:1
FNH:0
FNDA:0,(anonymous_0)
DA:1,2
DA:2,2
DA:3,2
DA:5,2
DA:6,2
DA:8,2
DA:14,2
DA:16,2
DA:18,2
DA:20,2
DA:25,0
DA:26,0
DA:27,0
DA:28,0
DA:29,0
DA:31,0
DA:32,0
LF:17
LH:10
BRDA:31,0,0,0
BRDA:31,1,0,0
BRDA:31,1,1,0
BRF:3
BRH:0
end_of_record
TN:
SF:src/commands/set-secret/index.ts
FN:55,(anonymous_0)
FN:71,(anonymous_1)
FNF:2
FNH:1
FNDA:5,(anonymous_0)
FNDA:0,(anonymous_1)
DA:1,2
DA:2,2
DA:3,2
DA:4,2
DA:5,2
DA:6,2
DA:7,2
DA:8,2
DA:9,2
DA:11,2
DA:19,2
DA:21,2
DA:23,2
DA:52,2
DA:56,5
DA:57,5
DA:58,2
DA:60,1
DA:62,1
DA:63,0
DA:64,0
DA:65,0
DA:66,0
DA:70,0
DA:71,0
DA:72,0
DA:73,0
DA:74,0
DA:75,0
DA:79,4
DA:80,4
DA:81,4
LF:32
LH:22
BRDA:80,0,0,4
BRDA:80,1,0,4
BRDA:80,1,1,4
BRF:3
BRH:3
end_of_record
TN:
SF:src/helpers/config.ts
FNF:0
FNH:0
DA:1,2
DA:2,2
LF:2
LH:2
BRF:0
BRH:0
end_of_record
TN:
SF:src/helpers/file-system.ts
FN:6,(anonymous_0)
FN:15,(anonymous_1)
FNF:2
FNH:1
FNDA:0,(anonymous_0)
FNDA:2,(anonymous_1)
DA:1,3
DA:2,3
DA:6,3
DA:7,0
DA:8,0
DA:9,0
DA:12,0
DA:15,3
DA:16,2
DA:17,2
DA:18,2
DA:19,2
DA:20,2
DA:21,2
DA:23,0
LF:15
LH:10
BRF:0
BRH:0
end_of_record
TN:
SF:src/helpers/get-github-token.ts
FN:7,(anonymous_0)
FNF:1
FNH:1
FNDA:5,(anonymous_0)
DA:1,3
DA:2,3
DA:3,3
DA:4,3
DA:5,3
DA:6,3
DA:7,3
DA:8,5
DA:9,5
DA:10,5
DA:11,5
DA:12,2
DA:15,5
DA:16,5
DA:17,4
DA:18,2
DA:23,0
DA:24,0
DA:25,0
DA:28,1
LF:20
LH:17
BRDA:11,0,0,2
BRDA:16,1,0,4
BRF:2
BRH:2
end_of_record
TN:
SF:src/helpers/validations.ts
FN:1,(anonymous_0)
FN:2,(anonymous_1)
FN:10,(anonymous_2)
FNF:3
FNH:3
FNDA:3,(anonymous_0)
FNDA:3,(anonymous_1)
FNDA:2,(anonymous_2)
DA:1,2
DA:2,3
DA:3,3
DA:5,3
DA:6,1
DA:10,2
DA:11,2
DA:12,1
LF:8
LH:8
BRDA:5,0,0,1
BRDA:11,1,0,1
BRF:2
BRH:2
end_of_record
TN:
SF:src/helpers/delete-secrets/index.ts
FN:8,(anonymous_0)
FNF:1
FNH:1
FNDA:3,(anonymous_0)
DA:1,3
DA:8,3
DA:9,3
DA:14,3
DA:15,3
DA:16,3
DA:17,0
DA:19,3
LF:8
LH:7
BRF:0
BRH:0
end_of_record
TN:
SF:src/list-org-repositories.ts/list-repos.ts
FN:3,(anonymous_0)
FN:16,(anonymous_1)
FN:25,(anonymous_2)
FN:31,(anonymous_3)
FNF:4
FNH:0
FNDA:0,(anonymous_0)
FNDA:0,(anonymous_1)
FNDA:0,(anonymous_2)
FNDA:0,(anonymous_3)
DA:1,2
DA:3,2
DA:4,0
DA:5,0
DA:11,0
DA:12,0
DA:14,0
DA:15,0
DA:16,0
DA:17,0
DA:19,0
DA:22,0
DA:25,2
DA:26,0
DA:28,0
DA:29,0
DA:30,0
DA:31,0
DA:34,0
LF:19
LH:3
BRDA:3,0,0,0
BRDA:3,1,0,0
BRDA:15,2,0,0
BRDA:25,3,0,0
BRDA:29,4,0,0
BRF:5
BRH:0
end_of_record
TN:
SF:src/set-secret-helpers/encrypt-secret.ts
FN:10,(anonymous_0)
FNF:1
FNH:1
FNDA:2,(anonymous_0)
DA:1,2
DA:2,2
DA:10,2
DA:11,2
DA:16,2
DA:18,2
DA:19,0
DA:20,0
DA:21,0
DA:22,0
DA:23,0
DA:24,0
DA:25,0
DA:28,2
LF:14
LH:7
BRF:0
BRH:0
end_of_record
TN:
SF:src/set-secret-helpers/update-secret.ts
FN:9,(anonymous_0)
FNF:1
FNH:1
FNDA:2,(anonymous_0)
DA:1,2
DA:9,2
DA:10,2
DA:15,2
DA:17,2
LF:5
LH:5
BRF:0
BRH:0
end_of_record
